Using pre-set license
Built from '2020.2/release' branch; Version is '2020.2.4f1 (becced5a802b) revision 12504301'; Using compiler version '192528614'; Build Type 'Release'
OS: 'Windows 10 Education; OS build 18363.1801; Version 1909; 64bit' Language: 'zh' Physical Memory: 24196 MB
BatchMode: 1, IsHumanControllingUs: 0, StartBugReporterOnCrash: 0, Is64bit: 1, IsPro: 0

 COMMAND LINE ARGUMENTS:
C:\Program Files\Unity\Hub\Editor\2020.2.4f1\Editor\Unity.exe
-adb2
-batchMode
-noUpm
-name
AssetImportWorker0
-projectPath
C:/Users/Richard/Desktop/ICGD/ASS 3/assignment 3 2D
-logFile
Logs/AssetImportWorker0.log
-srvPort
59867
Successfully changed project path to: C:/Users/Richard/Desktop/ICGD/ASS 3/assignment 3 2D
C:/Users/Richard/Desktop/ICGD/ASS 3/assignment 3 2D
Using Asset Import Pipeline V2.
Refreshing native plugins compatible for Editor in 32.43 ms, found 1 plugins.
Preloading 0 native plugins for Editor in 0.00 ms.
Initialize engine version: 2020.2.4f1 (becced5a802b)
[Subsystems] Discovering subsystems at path C:/Program Files/Unity/Hub/Editor/2020.2.4f1/Editor/Data/Resources/UnitySubsystems
[Subsystems] Discovering subsystems at path C:/Users/Richard/Desktop/ICGD/ASS 3/assignment 3 2D/Assets
GfxDevice: creating device client; threaded=0
Direct3D:
    Version:  Direct3D 11.0 [level 11.1]
    Renderer: NVIDIA GeForce GTX 1050 Ti with Max-Q Design (ID=0x1c8c)
    Vendor:   
    VRAM:     4018 MB
    Driver:   27.21.14.6140
Initialize mono
Mono path[0] = 'C:/Program Files/Unity/Hub/Editor/2020.2.4f1/Editor/Data/Managed'
Mono path[1] = 'C:/Program Files/Unity/Hub/Editor/2020.2.4f1/Editor/Data/MonoBleedingEdge/lib/mono/unityjit'
Mono config path = 'C:/Program Files/Unity/Hub/Editor/2020.2.4f1/Editor/Data/MonoBleedingEdge/etc'
Using monoOptions --debugger-agent=transport=dt_socket,embedding=1,server=y,suspend=n,address=127.0.0.1:56916
Begin MonoManager ReloadAssembly
Registering precompiled unity dll's ...
Register platform support module: C:/Program Files/Unity/Hub/Editor/2020.2.4f1/Editor/Data/PlaybackEngines/WindowsStandaloneSupport/UnityEditor.WindowsStandalone.Extensions.dll
Registered in 0.001303 seconds.
Native extension for WindowsStandalone target not found
Refreshing native plugins compatible for Editor in 31.38 ms, found 1 plugins.
Preloading 0 native plugins for Editor in 0.00 ms.
Invoked RoslynAnalysisRunner static constructor.
RoslynAnalysisRunner will not be running.
RoslynAnalysisRunner has terminated.
Mono: successfully reloaded assembly
- Completed reload, in  1.214 seconds
Platform modules already initialized, skipping
Registering precompiled user dll's ...
Registered in 0.000838 seconds.
Begin MonoManager ReloadAssembly
Native extension for WindowsStandalone target not found
Refreshing native plugins compatible for Editor in 31.42 ms, found 1 plugins.
Preloading 0 native plugins for Editor in 0.00 ms.
Invoked RoslynAnalysisRunner static constructor.
RoslynAnalysisRunner will not be running.
RoslynAnalysisRunner has terminated.
Mono: successfully reloaded assembly
- Completed reload, in  0.895 seconds
Platform modules already initialized, skipping
========================================================================
Worker process is ready to serve import requests
Launched and connected shader compiler UnityShaderCompiler.exe after 0.09 seconds
Refreshing native plugins compatible for Editor in 0.33 ms, found 1 plugins.
Preloading 0 native plugins for Editor in 0.00 ms.
Unloading 1797 Unused Serialized files (Serialized files now loaded: 0)
System memory in use before: 86.8 MB.
System memory in use after: 86.7 MB.

Unloading 24 unused Assets to reduce memory usage. Loaded Objects now: 2238.
Total: 2.172500 ms (FindLiveObjects: 0.216700 ms CreateObjectMapping: 0.098100 ms MarkObjects: 1.726300 ms  DeleteObjects: 0.130100 ms)

========================================================================
Received Import Request.
  path: Assets/Sprites
  artifactKey: Guid(e224da98b71f0904e84d200d149b0040) Importer(815301076,1909f56bfc062723c751e8b465ee728b)
Start importing Assets/Sprites using Guid(e224da98b71f0904e84d200d149b0040) Importer(815301076,1909f56bfc062723c751e8b465ee728b)  -> (artifact id: '5652221b655afdac69badec9881a6c5d') in 0.004026 seconds
  Import took 0.006649 seconds .

========================================================================
Received Import Request.
  Time since last request: 0.000303 seconds.
  path: Assets/Sprites/Ghost1_ICBM_scared.png
  artifactKey: Guid(a30266fabe134c34b9a4a0a0089fee49) Importer(815301076,1909f56bfc062723c751e8b465ee728b)
Start importing Assets/Sprites/Ghost1_ICBM_scared.png using Guid(a30266fabe134c34b9a4a0a0089fee49) Importer(815301076,1909f56bfc062723c751e8b465ee728b)  -> (artifact id: '9e816f85bce9a45caeeec51222181c35') in 0.142622 seconds
  Import took 0.145696 seconds .

========================================================================
Received Import Request.
  Time since last request: 0.000329 seconds.
  path: Assets/Sprites/Ghost2_ICBM_scared.png
  artifactKey: Guid(3a4f838666a7e384bb19e3dc80d5f2c2) Importer(815301076,1909f56bfc062723c751e8b465ee728b)
Start importing Assets/Sprites/Ghost2_ICBM_scared.png using Guid(3a4f838666a7e384bb19e3dc80d5f2c2) Importer(815301076,1909f56bfc062723c751e8b465ee728b)  -> (artifact id: '180903a49e5ce5f568fa0fc2661dd20f') in 0.006643 seconds
  Import took 0.009893 seconds .

========================================================================
Received Import Request.
  Time since last request: 0.000302 seconds.
  path: Assets/Sprites/Ghost3_ICBM.png
  artifactKey: Guid(6ad78c76900455147ac857ad41dfb673) Importer(815301076,1909f56bfc062723c751e8b465ee728b)
Start importing Assets/Sprites/Ghost3_ICBM.png using Guid(6ad78c76900455147ac857ad41dfb673) Importer(815301076,1909f56bfc062723c751e8b465ee728b)  -> (artifact id: 'a1ff64e4844e13d0be1e1c915ec01377') in 0.006524 seconds
  Import took 0.009224 seconds .

========================================================================
Received Import Request.
  Time since last request: 0.000289 seconds.
  path: Assets/Sprites/Ghost1_ICBM.png
  artifactKey: Guid(5cfa598948182b8469370e18a63aec54) Importer(815301076,1909f56bfc062723c751e8b465ee728b)
Start importing Assets/Sprites/Ghost1_ICBM.png using Guid(5cfa598948182b8469370e18a63aec54) Importer(815301076,1909f56bfc062723c751e8b465ee728b)  -> (artifact id: 'e0056895090f893f11866faa7c0a452c') in 0.006752 seconds
  Import took 0.010117 seconds .

========================================================================
Received Import Request.
  Time since last request: 0.000239 seconds.
  path: Assets/Sprites/bonusscore_mericaFavourite.png
  artifactKey: Guid(c764e3c96d3016b48bfb78a74717b159) Importer(815301076,1909f56bfc062723c751e8b465ee728b)
Start importing Assets/Sprites/bonusscore_mericaFavourite.png using Guid(c764e3c96d3016b48bfb78a74717b159) Importer(815301076,1909f56bfc062723c751e8b465ee728b)  -> (artifact id: '0395058de37e2647b73b8369a61645e3') in 0.009162 seconds
  Import took 0.012255 seconds .

========================================================================
Received Import Request.
  Time since last request: 0.000218 seconds.
  path: Assets/Sprites/dead_explosion.png
  artifactKey: Guid(c5501f8321c8fa44794c8a98a834afaf) Importer(815301076,1909f56bfc062723c751e8b465ee728b)
Start importing Assets/Sprites/dead_explosion.png using Guid(c5501f8321c8fa44794c8a98a834afaf) Importer(815301076,1909f56bfc062723c751e8b465ee728b)  -> (artifact id: 'f5f87af1dcad78dbcc39750021123503') in 0.006886 seconds
  Import took 0.010104 seconds .

========================================================================
Received Import Request.
  Time since last request: 0.000231 seconds.
  path: Assets/Sprites/Ghost2_ICBM.png
  artifactKey: Guid(1075b5f15c5ddd04db7548562aba5984) Importer(815301076,1909f56bfc062723c751e8b465ee728b)
Start importing Assets/Sprites/Ghost2_ICBM.png using Guid(1075b5f15c5ddd04db7548562aba5984) Importer(815301076,1909f56bfc062723c751e8b465ee728b)  -> (artifact id: 'a90cc93af15badb534e4476fe5e7aebc') in 0.006446 seconds
  Import took 0.009950 seconds .

========================================================================
Received Import Request.
  Time since last request: 0.529000 seconds.
  path: Assets/Sprites/Ghost3_ICBM_scared.png
  artifactKey: Guid(f6605ab60c6e1054b92ca538c67fdc4e) Importer(815301076,1909f56bfc062723c751e8b465ee728b)
Start importing Assets/Sprites/Ghost3_ICBM_scared.png using Guid(f6605ab60c6e1054b92ca538c67fdc4e) Importer(815301076,1909f56bfc062723c751e8b465ee728b)  -> (artifact id: 'aed9eb22eb8acba8761c5a0d813c5fb2') in 0.005863 seconds
  Import took 0.009453 seconds .

========================================================================
Received Import Request.
  Time since last request: 0.039659 seconds.
  path: Assets/Sprites/Ghost4_ICBM.png
  artifactKey: Guid(9c3f2a590e894274fa18787922037af0) Importer(815301076,1909f56bfc062723c751e8b465ee728b)
Start importing Assets/Sprites/Ghost4_ICBM.png using Guid(9c3f2a590e894274fa18787922037af0) Importer(815301076,1909f56bfc062723c751e8b465ee728b)  -> (artifact id: '3bb8520452c9438adf4366784a7ea1ab') in 0.005868 seconds
  Import took 0.008790 seconds .

========================================================================
Received Import Request.
  Time since last request: 0.114673 seconds.
  path: Assets/Sprites/Ghost4_ICBM_scared.png
  artifactKey: Guid(6b75f6acb07c69940affee1b019fcf6c) Importer(815301076,1909f56bfc062723c751e8b465ee728b)
Start importing Assets/Sprites/Ghost4_ICBM_scared.png using Guid(6b75f6acb07c69940affee1b019fcf6c) Importer(815301076,1909f56bfc062723c751e8b465ee728b)  -> (artifact id: 'd01bbd8520e23fa55727407c38596f8d') in 0.005916 seconds
  Import took 0.009666 seconds .

========================================================================
Received Import Request.
  Time since last request: 0.109393 seconds.
  path: Assets/Sprites/lifeindicator.png
  artifactKey: Guid(5e3b1655a8be99540890bf6a6782e5a2) Importer(815301076,1909f56bfc062723c751e8b465ee728b)
Start importing Assets/Sprites/lifeindicator.png using Guid(5e3b1655a8be99540890bf6a6782e5a2) Importer(815301076,1909f56bfc062723c751e8b465ee728b)  -> (artifact id: 'ba49ff7785854d639d9fb0ca993f73cb') in 0.007624 seconds
  Import took 0.011276 seconds .

========================================================================
Received Import Request.
  Time since last request: 0.297553 seconds.
  path: Assets/Sprites/normalPallet_coin.png
  artifactKey: Guid(32e0bb955a2462a49bc9c9f22dfe21c1) Importer(815301076,1909f56bfc062723c751e8b465ee728b)
Start importing Assets/Sprites/normalPallet_coin.png using Guid(32e0bb955a2462a49bc9c9f22dfe21c1) Importer(815301076,1909f56bfc062723c751e8b465ee728b)  -> (artifact id: '063c3f5f755ecae8fe62d31023067570') in 0.006821 seconds
  Import took 0.010782 seconds .

========================================================================
Received Import Request.
  Time since last request: 0.037035 seconds.
  path: Assets/Sprites/Pac_man_concorde.png
  artifactKey: Guid(5d2ee0e4d9ad4764cb138878e61af1b4) Importer(815301076,1909f56bfc062723c751e8b465ee728b)
Start importing Assets/Sprites/Pac_man_concorde.png using Guid(5d2ee0e4d9ad4764cb138878e61af1b4) Importer(815301076,1909f56bfc062723c751e8b465ee728b)  -> (artifact id: '2c83b6a585d647ebbd53bd3471e8cbb0') in 0.007348 seconds
  Import took 0.010839 seconds .

========================================================================
Received Import Request.
  Time since last request: 0.068017 seconds.
  path: Assets/Sprites/powerPallet_BlueSkyWhiteSun.png
  artifactKey: Guid(e2463a6ccc47fda4ba44cb78f99b2338) Importer(815301076,1909f56bfc062723c751e8b465ee728b)
Start importing Assets/Sprites/powerPallet_BlueSkyWhiteSun.png using Guid(e2463a6ccc47fda4ba44cb78f99b2338) Importer(815301076,1909f56bfc062723c751e8b465ee728b)  -> (artifact id: 'b71c66f5cb9e3e100ea65de49409c1ff') in 0.005937 seconds
  Import took 0.008791 seconds .

========================================================================
Received Import Request.
  Time since last request: 57.666137 seconds.
  path: Assets/Sprites/dead_explosion.png
  artifactKey: Guid(c5501f8321c8fa44794c8a98a834afaf) Importer(815301076,1909f56bfc062723c751e8b465ee728b)
Start importing Assets/Sprites/dead_explosion.png using Guid(c5501f8321c8fa44794c8a98a834afaf) Importer(815301076,1909f56bfc062723c751e8b465ee728b)  -> (artifact id: '9a629ce5b4fd3e26df8b90d3fbb7c7be') in 0.007418 seconds
  Import took 0.010989 seconds .

========================================================================
Received Import Request.
  Time since last request: 90.172107 seconds.
  path: Assets/Sprites/dead_explosion.png
  artifactKey: Guid(c5501f8321c8fa44794c8a98a834afaf) Importer(815301076,1909f56bfc062723c751e8b465ee728b)
Start importing Assets/Sprites/dead_explosion.png using Guid(c5501f8321c8fa44794c8a98a834afaf) Importer(815301076,1909f56bfc062723c751e8b465ee728b)  -> (artifact id: '9792f15a77deb2e683894b2ebe34b12d') in 0.009961 seconds
  Import took 0.013436 seconds .

========================================================================
Received Import Request.
  Time since last request: 45.093517 seconds.
  path: Assets/Sprites/dead_explosion.png
  artifactKey: Guid(c5501f8321c8fa44794c8a98a834afaf) Importer(815301076,1909f56bfc062723c751e8b465ee728b)
Start importing Assets/Sprites/dead_explosion.png using Guid(c5501f8321c8fa44794c8a98a834afaf) Importer(815301076,1909f56bfc062723c751e8b465ee728b)  -> (artifact id: 'fa402307bc0284165e7fd31c6663d55c') in 0.013210 seconds
  Import took 0.016779 seconds .

========================================================================
Received Import Request.
  Time since last request: 43.697772 seconds.
  path: Assets/Sprites/Ghost1_ICBM.png
  artifactKey: Guid(5cfa598948182b8469370e18a63aec54) Importer(815301076,1909f56bfc062723c751e8b465ee728b)
Start importing Assets/Sprites/Ghost1_ICBM.png using Guid(5cfa598948182b8469370e18a63aec54) Importer(815301076,1909f56bfc062723c751e8b465ee728b)  -> (artifact id: '47cefa268bc6da8894b12f12a438d398') in 0.007961 seconds
  Import took 0.011346 seconds .

========================================================================
Received Import Request.
  Time since last request: 16.949030 seconds.
  path: Assets/Sprites/Ghost1_ICBM.png
  artifactKey: Guid(5cfa598948182b8469370e18a63aec54) Importer(815301076,1909f56bfc062723c751e8b465ee728b)
Start importing Assets/Sprites/Ghost1_ICBM.png using Guid(5cfa598948182b8469370e18a63aec54) Importer(815301076,1909f56bfc062723c751e8b465ee728b)  -> (artifact id: '8355613cc0ded5ae2f9b59e88d4edabf') in 0.018266 seconds
  Import took 0.022069 seconds .

========================================================================
Received Import Request.
  Time since last request: 343.290630 seconds.
  path: Assets/Sprites/Ghost1_ICBM.png
  artifactKey: Guid(5cfa598948182b8469370e18a63aec54) Importer(815301076,1909f56bfc062723c751e8b465ee728b)
Start importing Assets/Sprites/Ghost1_ICBM.png using Guid(5cfa598948182b8469370e18a63aec54) Importer(815301076,1909f56bfc062723c751e8b465ee728b)  -> (artifact id: '5d8177b6ce8b76cd732ed2d99b821a49') in 0.012776 seconds
  Import took 0.016764 seconds .

========================================================================
Received Import Request.
  Time since last request: 24.969315 seconds.
  path: Assets/Sprites/Ghost1_ICBM_scared.png
  artifactKey: Guid(a30266fabe134c34b9a4a0a0089fee49) Importer(815301076,1909f56bfc062723c751e8b465ee728b)
Start importing Assets/Sprites/Ghost1_ICBM_scared.png using Guid(a30266fabe134c34b9a4a0a0089fee49) Importer(815301076,1909f56bfc062723c751e8b465ee728b)  -> (artifact id: 'eeab2d192adfcb8a18d7915aa589c9b3') in 0.007242 seconds
  Import took 0.010763 seconds .

========================================================================
Received Import Request.
  Time since last request: 0.032833 seconds.
  path: Assets/Sprites/Ghost1_ICBM_scared.png
  artifactKey: Guid(a30266fabe134c34b9a4a0a0089fee49) Importer(815301076,1909f56bfc062723c751e8b465ee728b)
Start importing Assets/Sprites/Ghost1_ICBM_scared.png using Guid(a30266fabe134c34b9a4a0a0089fee49) Importer(815301076,1909f56bfc062723c751e8b465ee728b)  -> (artifact id: 'eeab2d192adfcb8a18d7915aa589c9b3') in 0.005093 seconds
  Import took 0.008530 seconds .

========================================================================
Received Import Request.
  Time since last request: 6.469869 seconds.
  path: Assets/Sprites/Ghost1_ICBM_scared.png
  artifactKey: Guid(a30266fabe134c34b9a4a0a0089fee49) Importer(815301076,1909f56bfc062723c751e8b465ee728b)
Start importing Assets/Sprites/Ghost1_ICBM_scared.png using Guid(a30266fabe134c34b9a4a0a0089fee49) Importer(815301076,1909f56bfc062723c751e8b465ee728b)  -> (artifact id: 'e154faeb3ce209b0f7af006826ca302e') in 0.010956 seconds
  Import took 0.013790 seconds .

========================================================================
Received Import Request.
  Time since last request: 20.681021 seconds.
  path: Assets/Sprites/Ghost2_ICBM.png
  artifactKey: Guid(1075b5f15c5ddd04db7548562aba5984) Importer(815301076,1909f56bfc062723c751e8b465ee728b)
Start importing Assets/Sprites/Ghost2_ICBM.png using Guid(1075b5f15c5ddd04db7548562aba5984) Importer(815301076,1909f56bfc062723c751e8b465ee728b)  -> (artifact id: '689951422323a917d6eaa885301617a5') in 0.007774 seconds
  Import took 0.011407 seconds .

========================================================================
Received Import Request.
  Time since last request: 46.878059 seconds.
  path: Assets/Sprites/Ghost2_ICBM.png
  artifactKey: Guid(1075b5f15c5ddd04db7548562aba5984) Importer(815301076,1909f56bfc062723c751e8b465ee728b)
Start importing Assets/Sprites/Ghost2_ICBM.png using Guid(1075b5f15c5ddd04db7548562aba5984) Importer(815301076,1909f56bfc062723c751e8b465ee728b)  -> (artifact id: 'ba3c68b34023fabeb56d6ba754bb75b3') in 0.011772 seconds
  Import took 0.015440 seconds .

========================================================================
Received Import Request.
  Time since last request: 11.986233 seconds.
  path: Assets/Sprites/Ghost2_ICBM_scared.png
  artifactKey: Guid(3a4f838666a7e384bb19e3dc80d5f2c2) Importer(815301076,1909f56bfc062723c751e8b465ee728b)
Start importing Assets/Sprites/Ghost2_ICBM_scared.png using Guid(3a4f838666a7e384bb19e3dc80d5f2c2) Importer(815301076,1909f56bfc062723c751e8b465ee728b)  -> (artifact id: '0ffb106ce160238469ca17041ea5aa87') in 0.007835 seconds
  Import took 0.010983 seconds .

========================================================================
Received Import Request.
  Time since last request: 17.237370 seconds.
  path: Assets/Sprites/Ghost2_ICBM_scared.png
  artifactKey: Guid(3a4f838666a7e384bb19e3dc80d5f2c2) Importer(815301076,1909f56bfc062723c751e8b465ee728b)
Start importing Assets/Sprites/Ghost2_ICBM_scared.png using Guid(3a4f838666a7e384bb19e3dc80d5f2c2) Importer(815301076,1909f56bfc062723c751e8b465ee728b)  -> (artifact id: 'bc143ea5cea6b9be2e5462948aa91fe3') in 0.010985 seconds
  Import took 0.014290 seconds .

========================================================================
Received Import Request.
  Time since last request: 12.098073 seconds.
  path: Assets/Sprites/Ghost3_ICBM.png
  artifactKey: Guid(6ad78c76900455147ac857ad41dfb673) Importer(815301076,1909f56bfc062723c751e8b465ee728b)
Start importing Assets/Sprites/Ghost3_ICBM.png using Guid(6ad78c76900455147ac857ad41dfb673) Importer(815301076,1909f56bfc062723c751e8b465ee728b)  -> (artifact id: 'd4baf9b53df5ccb610ce0e1718cb9120') in 0.007897 seconds
  Import took 0.010944 seconds .

========================================================================
Received Import Request.
  Time since last request: 21.352082 seconds.
  path: Assets/Sprites/Ghost3_ICBM.png
  artifactKey: Guid(6ad78c76900455147ac857ad41dfb673) Importer(815301076,1909f56bfc062723c751e8b465ee728b)
Start importing Assets/Sprites/Ghost3_ICBM.png using Guid(6ad78c76900455147ac857ad41dfb673) Importer(815301076,1909f56bfc062723c751e8b465ee728b)  -> (artifact id: '4022d04667af84b60f77a555264df357') in 0.011831 seconds
  Import took 0.015737 seconds .

========================================================================
Received Import Request.
  Time since last request: 8.773967 seconds.
  path: Assets/Sprites/Ghost3_ICBM_scared.png
  artifactKey: Guid(f6605ab60c6e1054b92ca538c67fdc4e) Importer(815301076,1909f56bfc062723c751e8b465ee728b)
Start importing Assets/Sprites/Ghost3_ICBM_scared.png using Guid(f6605ab60c6e1054b92ca538c67fdc4e) Importer(815301076,1909f56bfc062723c751e8b465ee728b)  -> (artifact id: '6049d6f0282fb78394ad3026be30370b') in 0.008004 seconds
  Import took 0.011433 seconds .

========================================================================
Received Import Request.
  Time since last request: 0.000651 seconds.
  path: Assets/Sprites/Ghost3_ICBM_scared.png
  artifactKey: Guid(f6605ab60c6e1054b92ca538c67fdc4e) Importer(815301076,1909f56bfc062723c751e8b465ee728b)
Start importing Assets/Sprites/Ghost3_ICBM_scared.png using Guid(f6605ab60c6e1054b92ca538c67fdc4e) Importer(815301076,1909f56bfc062723c751e8b465ee728b)  -> (artifact id: '6049d6f0282fb78394ad3026be30370b') in 0.004709 seconds
  Import took 0.007489 seconds .

========================================================================
Received Import Request.
  Time since last request: 5.031556 seconds.
  path: Assets/Sprites/Ghost3_ICBM_scared.png
  artifactKey: Guid(f6605ab60c6e1054b92ca538c67fdc4e) Importer(815301076,1909f56bfc062723c751e8b465ee728b)
Start importing Assets/Sprites/Ghost3_ICBM_scared.png using Guid(f6605ab60c6e1054b92ca538c67fdc4e) Importer(815301076,1909f56bfc062723c751e8b465ee728b)  -> (artifact id: 'a81412b0dfa3a180cd99bac3d1c33b1a') in 0.011601 seconds
  Import took 0.014544 seconds .

========================================================================
Received Import Request.
  Time since last request: 9.142479 seconds.
  path: Assets/Sprites/Ghost4_ICBM.png
  artifactKey: Guid(9c3f2a590e894274fa18787922037af0) Importer(815301076,1909f56bfc062723c751e8b465ee728b)
Start importing Assets/Sprites/Ghost4_ICBM.png using Guid(9c3f2a590e894274fa18787922037af0) Importer(815301076,1909f56bfc062723c751e8b465ee728b)  -> (artifact id: 'e9b6d53e813d719795a68c5cec9e32f2') in 0.008503 seconds
  Import took 0.012562 seconds .

========================================================================
Received Import Request.
  Time since last request: 21.832568 seconds.
  path: Assets/Sprites/Ghost4_ICBM.png
  artifactKey: Guid(9c3f2a590e894274fa18787922037af0) Importer(815301076,1909f56bfc062723c751e8b465ee728b)
Start importing Assets/Sprites/Ghost4_ICBM.png using Guid(9c3f2a590e894274fa18787922037af0) Importer(815301076,1909f56bfc062723c751e8b465ee728b)  -> (artifact id: '3f7e1158fb54c03849020c7ec7c3304c') in 0.010674 seconds
  Import took 0.013564 seconds .

========================================================================
Received Import Request.
  Time since last request: 11.572474 seconds.
  path: Assets/Sprites/Ghost4_ICBM_scared.png
  artifactKey: Guid(6b75f6acb07c69940affee1b019fcf6c) Importer(815301076,1909f56bfc062723c751e8b465ee728b)
Start importing Assets/Sprites/Ghost4_ICBM_scared.png using Guid(6b75f6acb07c69940affee1b019fcf6c) Importer(815301076,1909f56bfc062723c751e8b465ee728b)  -> (artifact id: '652ace1cbc3a1fe215e4e2ecc3777c1e') in 0.008383 seconds
  Import took 0.012070 seconds .

========================================================================
Received Import Request.
  Time since last request: 5.091055 seconds.
  path: Assets/Sprites/Ghost4_ICBM_scared.png
  artifactKey: Guid(6b75f6acb07c69940affee1b019fcf6c) Importer(815301076,1909f56bfc062723c751e8b465ee728b)
Start importing Assets/Sprites/Ghost4_ICBM_scared.png using Guid(6b75f6acb07c69940affee1b019fcf6c) Importer(815301076,1909f56bfc062723c751e8b465ee728b)  -> (artifact id: '1209e10ccbcadbca28c7c161a9ce7577') in 0.009957 seconds
  Import took 0.013385 seconds .

========================================================================
Received Import Request.
  Time since last request: 17.473378 seconds.
  path: Assets/Sprites/Pac_man_concorde.png
  artifactKey: Guid(5d2ee0e4d9ad4764cb138878e61af1b4) Importer(815301076,1909f56bfc062723c751e8b465ee728b)
Start importing Assets/Sprites/Pac_man_concorde.png using Guid(5d2ee0e4d9ad4764cb138878e61af1b4) Importer(815301076,1909f56bfc062723c751e8b465ee728b)  -> (artifact id: '10390e05466170ce517086a28a7c5cb4') in 0.007541 seconds
  Import took 0.010554 seconds .

========================================================================
Received Import Request.
  Time since last request: 0.033418 seconds.
  path: Assets/Sprites/Pac_man_concorde.png
  artifactKey: Guid(5d2ee0e4d9ad4764cb138878e61af1b4) Importer(815301076,1909f56bfc062723c751e8b465ee728b)
Start importing Assets/Sprites/Pac_man_concorde.png using Guid(5d2ee0e4d9ad4764cb138878e61af1b4) Importer(815301076,1909f56bfc062723c751e8b465ee728b)  -> (artifact id: '10390e05466170ce517086a28a7c5cb4') in 0.004972 seconds
  Import took 0.007844 seconds .

========================================================================
Received Import Request.
  Time since last request: 5.417317 seconds.
  path: Assets/Sprites/Pac_man_concorde.png
  artifactKey: Guid(5d2ee0e4d9ad4764cb138878e61af1b4) Importer(815301076,1909f56bfc062723c751e8b465ee728b)
Start importing Assets/Sprites/Pac_man_concorde.png using Guid(5d2ee0e4d9ad4764cb138878e61af1b4) Importer(815301076,1909f56bfc062723c751e8b465ee728b)  -> (artifact id: 'bcde743627d0badf2ad94b410d19c933') in 0.013513 seconds
  Import took 0.016659 seconds .

========================================================================
Received Import Request.
  Time since last request: 7.566847 seconds.
  path: Assets/Sprites/powerPallet_BlueSkyWhiteSun.png
  artifactKey: Guid(e2463a6ccc47fda4ba44cb78f99b2338) Importer(815301076,1909f56bfc062723c751e8b465ee728b)
Start importing Assets/Sprites/powerPallet_BlueSkyWhiteSun.png using Guid(e2463a6ccc47fda4ba44cb78f99b2338) Importer(815301076,1909f56bfc062723c751e8b465ee728b)  -> (artifact id: '9e38ea13656a7ada1a41f151025546c0') in 0.007661 seconds
  Import took 0.010509 seconds .

========================================================================
Received Import Request.
  Time since last request: 93.233394 seconds.
  path: Assets/Sprites/powerPallet_BlueSkyWhiteSun.png
  artifactKey: Guid(e2463a6ccc47fda4ba44cb78f99b2338) Importer(815301076,1909f56bfc062723c751e8b465ee728b)
Start importing Assets/Sprites/powerPallet_BlueSkyWhiteSun.png using Guid(e2463a6ccc47fda4ba44cb78f99b2338) Importer(815301076,1909f56bfc062723c751e8b465ee728b)  -> (artifact id: 'fc40b0b95b0389b5edbff104e0d1b371') in 0.015807 seconds
  Import took 0.019467 seconds .

========================================================================
Received Import Request.
  Time since last request: 73.532642 seconds.
  path: Assets/New Animation.anim
  artifactKey: Guid(833e14e3d74a9bd4a8cb8f2c78c819d3) Importer(815301076,1909f56bfc062723c751e8b465ee728b)
Start importing Assets/New Animation.anim using Guid(833e14e3d74a9bd4a8cb8f2c78c819d3) Importer(815301076,1909f56bfc062723c751e8b465ee728b)  -> (artifact id: '1305cf03264aad99d1195f81afdff666') in 0.011011 seconds
  Import took 0.013843 seconds .

========================================================================
Received Import Request.
  Time since last request: 5.957654 seconds.
  path: Assets
  artifactKey: Guid(00000000000000001000000000000000) Importer(815301076,1909f56bfc062723c751e8b465ee728b)
Start importing Assets using Guid(00000000000000001000000000000000) Importer(815301076,1909f56bfc062723c751e8b465ee728b)  -> (artifact id: 'edc3feb264a98656617d3c2cb59c8f16') in 0.001845 seconds
  Import took 0.005305 seconds .

========================================================================
Received Import Request.
  Time since last request: 7.917321 seconds.
  path: Assets/Animation
  artifactKey: Guid(276b270061f8af842bacaa01b1fb3a57) Importer(815301076,1909f56bfc062723c751e8b465ee728b)
Start importing Assets/Animation using Guid(276b270061f8af842bacaa01b1fb3a57) Importer(815301076,1909f56bfc062723c751e8b465ee728b)  -> (artifact id: '612f25d570d3f82e1e51d2886ffbcacc') in 0.001496 seconds
  Import took 0.004278 seconds .

========================================================================
Received Prepare
Registering precompiled user dll's ...
Registered in 0.000911 seconds.
Begin MonoManager ReloadAssembly
Native extension for WindowsStandalone target not found
Refreshing native plugins compatible for Editor in 0.34 ms, found 1 plugins.
Preloading 0 native plugins for Editor in 0.00 ms.
Invoked RoslynAnalysisRunner static constructor.
RoslynAnalysisRunner will not be running.
RoslynAnalysisRunner has terminated.
Mono: successfully reloaded assembly
- Completed reload, in  0.787 seconds
Platform modules already initialized, skipping
Refreshing native plugins compatible for Editor in 0.33 ms, found 1 plugins.
Preloading 0 native plugins for Editor in 0.00 ms.
Unloading 1792 Unused Serialized files (Serialized files now loaded: 0)
System memory in use before: 89.9 MB.
System memory in use after: 89.9 MB.

Unloading 12 unused Assets to reduce memory usage. Loaded Objects now: 2263.
Total: 2.085700 ms (FindLiveObjects: 0.202300 ms CreateObjectMapping: 0.075700 ms MarkObjects: 1.662300 ms  DeleteObjects: 0.144500 ms)

========================================================================
Received Import Request.
  Time since last request: 417.777963 seconds.
  path: Assets/Audio/collides_tone.wav
  artifactKey: Guid(3f6668a2a50450f49aae723797267d65) Importer(815301076,1909f56bfc062723c751e8b465ee728b)
Start importing Assets/Audio/collides_tone.wav using Guid(3f6668a2a50450f49aae723797267d65) Importer(815301076,1909f56bfc062723c751e8b465ee728b)  -> (artifact id: '0b0df1e2a59c49a3c731ee2c6fd34f3a') in 0.102757 seconds
  Import took 0.106423 seconds .

========================================================================
Received Import Request.
  Time since last request: 0.000300 seconds.
  path: Assets/Audio/winMusic_Internationale.wav
  artifactKey: Guid(7c090e2c6e9d3a04bb4c009e1cef9c1c) Importer(815301076,1909f56bfc062723c751e8b465ee728b)
Start importing Assets/Audio/winMusic_Internationale.wav using Guid(7c090e2c6e9d3a04bb4c009e1cef9c1c) Importer(815301076,1909f56bfc062723c751e8b465ee728b)  -> (artifact id: '157c3163752eb17871f34c1806403b4c') in 0.008708 seconds
  Import took 0.012599 seconds .

========================================================================
Received Import Request.
  Time since last request: 0.000332 seconds.
  path: Assets/Audio/pelletEaten13535.wav
  artifactKey: Guid(0dfb37c51854952469d475e3eee76478) Importer(815301076,1909f56bfc062723c751e8b465ee728b)
Start importing Assets/Audio/pelletEaten13535.wav using Guid(0dfb37c51854952469d475e3eee76478) Importer(815301076,1909f56bfc062723c751e8b465ee728b)  -> (artifact id: '9c8c24665b32305a4e021ea13c4794de') in 0.008399 seconds
  Import took 0.011316 seconds .

========================================================================
Received Import Request.
  Time since last request: 0.000248 seconds.
  path: Assets/Audio/Defeat_StateAnthemoftheSovietUnion.wav
  artifactKey: Guid(1cac7d39e05a02a408dc195c2defc468) Importer(815301076,1909f56bfc062723c751e8b465ee728b)
Start importing Assets/Audio/Defeat_StateAnthemoftheSovietUnion.wav using Guid(1cac7d39e05a02a408dc195c2defc468) Importer(815301076,1909f56bfc062723c751e8b465ee728b)  -> (artifact id: 'f0df2304965a34f8e6d358c7b5a8c4ec') in 0.008730 seconds
  Import took 0.011440 seconds .

========================================================================
Received Import Request.
  Time since last request: 0.000315 seconds.
  path: Assets/Audio/getReady.wav
  artifactKey: Guid(61fb8be2179d7244b8b70c5b1fff157d) Importer(815301076,1909f56bfc062723c751e8b465ee728b)
Start importing Assets/Audio/getReady.wav using Guid(61fb8be2179d7244b8b70c5b1fff157d) Importer(815301076,1909f56bfc062723c751e8b465ee728b)  -> (artifact id: '24abffd41f2f7e82c2aec197f87aa8f1') in 0.009219 seconds
  Import took 0.011842 seconds .

========================================================================
Received Import Request.
  Time since last request: 0.000276 seconds.
  path: Assets/Audio/oneEnemyDead_todaysNews.wav
  artifactKey: Guid(68939cc39caad074a843367cf7f4d3fb) Importer(815301076,1909f56bfc062723c751e8b465ee728b)
Start importing Assets/Audio/oneEnemyDead_todaysNews.wav using Guid(68939cc39caad074a843367cf7f4d3fb) Importer(815301076,1909f56bfc062723c751e8b465ee728b)  -> (artifact id: '2bb872c527d725b7c0221845a413c1e6') in 0.008413 seconds
  Import took 0.011020 seconds .

========================================================================
Received Import Request.
  Time since last request: 0.000277 seconds.
  path: Assets/Audio/eaten_fire1long.wav
  artifactKey: Guid(fba18a097f38d9b4dab0f09a529a4ff3) Importer(815301076,1909f56bfc062723c751e8b465ee728b)
Start importing Assets/Audio/eaten_fire1long.wav using Guid(fba18a097f38d9b4dab0f09a529a4ff3) Importer(815301076,1909f56bfc062723c751e8b465ee728b)  -> (artifact id: 'ee07361cdcae4588219e3988c633da45') in 0.008609 seconds
  Import took 0.011192 seconds .

========================================================================
Received Import Request.
  Time since last request: 0.000291 seconds.
  path: Assets/Audio/moving_Powerup.wav
  artifactKey: Guid(5b11a8e2aa8553044a4a4f173673cc39) Importer(815301076,1909f56bfc062723c751e8b465ee728b)
Start importing Assets/Audio/moving_Powerup.wav using Guid(5b11a8e2aa8553044a4a4f173673cc39) Importer(815301076,1909f56bfc062723c751e8b465ee728b)  -> (artifact id: '1883fd15d3054afc77571c13f8bda246') in 0.008627 seconds
  Import took 0.011710 seconds .

========================================================================
Received Import Request.
  Time since last request: 0.000236 seconds.
  path: Assets/Audio/normalState_EtudeOp.10,No.12.wav
  artifactKey: Guid(32c2c3f94a9fe8f4ba7158a8323ec2d1) Importer(815301076,1909f56bfc062723c751e8b465ee728b)
Start importing Assets/Audio/normalState_EtudeOp.10,No.12.wav using Guid(32c2c3f94a9fe8f4ba7158a8323ec2d1) Importer(815301076,1909f56bfc062723c751e8b465ee728b)  -> (artifact id: '010784ffb29887dd4ada0853c1583f1b') in 0.008902 seconds
  Import took 0.011533 seconds .

========================================================================
Received Import Request.
  Time since last request: 0.000248 seconds.
  path: Assets/Audio/scaredState_GoAndReclaimTheMainland.wav
  artifactKey: Guid(b1969bd17f8300e4dbb81b7fc8f7055d) Importer(815301076,1909f56bfc062723c751e8b465ee728b)
Start importing Assets/Audio/scaredState_GoAndReclaimTheMainland.wav using Guid(b1969bd17f8300e4dbb81b7fc8f7055d) Importer(815301076,1909f56bfc062723c751e8b465ee728b)  -> (artifact id: '94afef715d78f9e7b5a79f49bd76fb34') in 0.008651 seconds
  Import took 0.011825 seconds .

========================================================================
Received Prepare
Registering precompiled user dll's ...
Registered in 0.000946 seconds.
Begin MonoManager ReloadAssembly
Native extension for WindowsStandalone target not found
Refreshing native plugins compatible for Editor in 0.34 ms, found 1 plugins.
Preloading 0 native plugins for Editor in 0.00 ms.
Invoked RoslynAnalysisRunner static constructor.
RoslynAnalysisRunner will not be running.
RoslynAnalysisRunner has terminated.
Mono: successfully reloaded assembly
- Completed reload, in  0.842 seconds
Platform modules already initialized, skipping
Refreshing native plugins compatible for Editor in 0.33 ms, found 1 plugins.
Preloading 0 native plugins for Editor in 0.00 ms.
Unloading 1792 Unused Serialized files (Serialized files now loaded: 0)
System memory in use before: 90.0 MB.
System memory in use after: 90.0 MB.

Unloading 12 unused Assets to reduce memory usage. Loaded Objects now: 2272.
Total: 1.847900 ms (FindLiveObjects: 0.160200 ms CreateObjectMapping: 0.056100 ms MarkObjects: 1.535900 ms  DeleteObjects: 0.094600 ms)

========================================================================
Received Prepare
Registering precompiled user dll's ...
Registered in 0.000849 seconds.
Begin MonoManager ReloadAssembly
Native extension for WindowsStandalone target not found
Refreshing native plugins compatible for Editor in 0.33 ms, found 1 plugins.
Preloading 0 native plugins for Editor in 0.00 ms.
Invoked RoslynAnalysisRunner static constructor.
RoslynAnalysisRunner will not be running.
RoslynAnalysisRunner has terminated.
Mono: successfully reloaded assembly
- Completed reload, in  0.819 seconds
Platform modules already initialized, skipping
Refreshing native plugins compatible for Editor in 0.34 ms, found 1 plugins.
Preloading 0 native plugins for Editor in 0.00 ms.
Unloading 1792 Unused Serialized files (Serialized files now loaded: 0)
System memory in use before: 90.0 MB.
System memory in use after: 90.0 MB.

Unloading 12 unused Assets to reduce memory usage. Loaded Objects now: 2275.
Total: 2.194800 ms (FindLiveObjects: 0.235700 ms CreateObjectMapping: 0.069300 ms MarkObjects: 1.788300 ms  DeleteObjects: 0.100600 ms)

========================================================================
Received Import Request.
  Time since last request: 12955.128715 seconds.
  path: Assets/Animation/Pac_man_concorde_0.controller
  artifactKey: Guid(6ff729b0adf0b1d4d96392b70856faff) Importer(815301076,1909f56bfc062723c751e8b465ee728b)
Start importing Assets/Animation/Pac_man_concorde_0.controller using Guid(6ff729b0adf0b1d4d96392b70856faff) Importer(815301076,1909f56bfc062723c751e8b465ee728b)  -> (artifact id: 'ad0f9535d3c4d3d043062cd85f31b3c7') in 0.016308 seconds
  Import took 0.019261 seconds .

========================================================================
Received Import Request.
  Time since last request: 1.818938 seconds.
  path: Assets/Animation/pac_concorde_anim.anim
  artifactKey: Guid(4d65396591ce30f4580d0a1c777cbd20) Importer(815301076,1909f56bfc062723c751e8b465ee728b)
Start importing Assets/Animation/pac_concorde_anim.anim using Guid(4d65396591ce30f4580d0a1c777cbd20) Importer(815301076,1909f56bfc062723c751e8b465ee728b)  -> (artifact id: '92d182598567853b2b6f583541fbbccd') in 0.002440 seconds
  Import took 0.005412 seconds .

========================================================================
Received Import Request.
  Time since last request: 0.007414 seconds.
  path: Assets/Animation/pac_concorde_anim.anim
  artifactKey: Guid(4d65396591ce30f4580d0a1c777cbd20) Importer(815301076,1909f56bfc062723c751e8b465ee728b)
Start importing Assets/Animation/pac_concorde_anim.anim using Guid(4d65396591ce30f4580d0a1c777cbd20) Importer(815301076,1909f56bfc062723c751e8b465ee728b)  -> (artifact id: '92d182598567853b2b6f583541fbbccd') in 0.001878 seconds
  Import took 0.004676 seconds .

========================================================================
Received Prepare
Registering precompiled user dll's ...
Registered in 0.000876 seconds.
Begin MonoManager ReloadAssembly
Native extension for WindowsStandalone target not found
Refreshing native plugins compatible for Editor in 0.36 ms, found 1 plugins.
Preloading 0 native plugins for Editor in 0.00 ms.
Invoked RoslynAnalysisRunner static constructor.
RoslynAnalysisRunner will not be running.
RoslynAnalysisRunner has terminated.
Mono: successfully reloaded assembly
- Completed reload, in  0.804 seconds
Platform modules already initialized, skipping
Refreshing native plugins compatible for Editor in 0.33 ms, found 1 plugins.
Preloading 0 native plugins for Editor in 0.00 ms.
Unloading 1792 Unused Serialized files (Serialized files now loaded: 0)
System memory in use before: 90.0 MB.
System memory in use after: 90.0 MB.

Unloading 12 unused Assets to reduce memory usage. Loaded Objects now: 2278.
Total: 1.910600 ms (FindLiveObjects: 0.165900 ms CreateObjectMapping: 0.062700 ms MarkObjects: 1.594900 ms  DeleteObjects: 0.086500 ms)

========================================================================
Received Import Request.
  Time since last request: 29.310900 seconds.
  path: Assets/Animation/pac_concorde_anim.anim
  artifactKey: Guid(4d65396591ce30f4580d0a1c777cbd20) Importer(815301076,1909f56bfc062723c751e8b465ee728b)
Start importing Assets/Animation/pac_concorde_anim.anim using Guid(4d65396591ce30f4580d0a1c777cbd20) Importer(815301076,1909f56bfc062723c751e8b465ee728b)  -> (artifact id: 'dedaf4dc1859c93ae7cfdedb1684dfaa') in 0.011470 seconds
  Import took 0.014992 seconds .

========================================================================
Received Import Request.
  Time since last request: 0.023107 seconds.
  path: Assets/Animation/pac_concorde_anim.anim
  artifactKey: Guid(4d65396591ce30f4580d0a1c777cbd20) Importer(815301076,1909f56bfc062723c751e8b465ee728b)
Start importing Assets/Animation/pac_concorde_anim.anim using Guid(4d65396591ce30f4580d0a1c777cbd20) Importer(815301076,1909f56bfc062723c751e8b465ee728b)  -> (artifact id: 'dedaf4dc1859c93ae7cfdedb1684dfaa') in 0.001865 seconds
  Import took 0.004714 seconds .

========================================================================
Received Prepare
Registering precompiled user dll's ...
Registered in 0.000941 seconds.
Begin MonoManager ReloadAssembly
Native extension for WindowsStandalone target not found
Refreshing native plugins compatible for Editor in 0.33 ms, found 1 plugins.
Preloading 0 native plugins for Editor in 0.00 ms.
Invoked RoslynAnalysisRunner static constructor.
RoslynAnalysisRunner will not be running.
RoslynAnalysisRunner has terminated.
Mono: successfully reloaded assembly
- Completed reload, in  0.805 seconds
Platform modules already initialized, skipping
Refreshing native plugins compatible for Editor in 0.32 ms, found 1 plugins.
Preloading 0 native plugins for Editor in 0.00 ms.
Unloading 1792 Unused Serialized files (Serialized files now loaded: 0)
System memory in use before: 90.0 MB.
System memory in use after: 90.0 MB.

Unloading 12 unused Assets to reduce memory usage. Loaded Objects now: 2281.
Total: 2.010200 ms (FindLiveObjects: 0.176700 ms CreateObjectMapping: 0.052600 ms MarkObjects: 1.646600 ms  DeleteObjects: 0.133600 ms)

========================================================================
Received Import Request.
  Time since last request: 23.278817 seconds.
  path: Assets/Animation/pac_concorde_anim.anim
  artifactKey: Guid(4d65396591ce30f4580d0a1c777cbd20) Importer(815301076,1909f56bfc062723c751e8b465ee728b)
Start importing Assets/Animation/pac_concorde_anim.anim using Guid(4d65396591ce30f4580d0a1c777cbd20) Importer(815301076,1909f56bfc062723c751e8b465ee728b)  -> (artifact id: 'b4d562536765ce9685e01f13d556481c') in 0.010355 seconds
  Import took 0.013597 seconds .

========================================================================
Received Import Request.
  Time since last request: 0.024089 seconds.
  path: Assets/Animation/pac_concorde_anim.anim
  artifactKey: Guid(4d65396591ce30f4580d0a1c777cbd20) Importer(815301076,1909f56bfc062723c751e8b465ee728b)
Start importing Assets/Animation/pac_concorde_anim.anim using Guid(4d65396591ce30f4580d0a1c777cbd20) Importer(815301076,1909f56bfc062723c751e8b465ee728b)  -> (artifact id: 'b4d562536765ce9685e01f13d556481c') in 0.001858 seconds
  Import took 0.004644 seconds .

========================================================================
Received Prepare
Registering precompiled user dll's ...
Registered in 0.000895 seconds.
Begin MonoManager ReloadAssembly
Native extension for WindowsStandalone target not found
Refreshing native plugins compatible for Editor in 0.34 ms, found 1 plugins.
Preloading 0 native plugins for Editor in 0.00 ms.
Invoked RoslynAnalysisRunner static constructor.
RoslynAnalysisRunner will not be running.
RoslynAnalysisRunner has terminated.
Mono: successfully reloaded assembly
- Completed reload, in  0.820 seconds
Platform modules already initialized, skipping
Refreshing native plugins compatible for Editor in 0.33 ms, found 1 plugins.
Preloading 0 native plugins for Editor in 0.00 ms.
Unloading 1792 Unused Serialized files (Serialized files now loaded: 0)
System memory in use before: 90.0 MB.
System memory in use after: 90.0 MB.

Unloading 12 unused Assets to reduce memory usage. Loaded Objects now: 2284.
Total: 2.008000 ms (FindLiveObjects: 0.173400 ms CreateObjectMapping: 0.049400 ms MarkObjects: 1.695500 ms  DeleteObjects: 0.089000 ms)

========================================================================
Received Import Request.
  Time since last request: 22.842360 seconds.
  path: Assets/Animation/pac_concorde_anim.anim
  artifactKey: Guid(4d65396591ce30f4580d0a1c777cbd20) Importer(815301076,1909f56bfc062723c751e8b465ee728b)
Start importing Assets/Animation/pac_concorde_anim.anim using Guid(4d65396591ce30f4580d0a1c777cbd20) Importer(815301076,1909f56bfc062723c751e8b465ee728b)  -> (artifact id: '0541bf885ac1e1f2dc04701c16d2f346') in 0.011383 seconds
  Import took 0.014229 seconds .

========================================================================
Received Prepare
Registering precompiled user dll's ...
Registered in 0.000890 seconds.
Begin MonoManager ReloadAssembly
Native extension for WindowsStandalone target not found
Refreshing native plugins compatible for Editor in 0.32 ms, found 1 plugins.
Preloading 0 native plugins for Editor in 0.00 ms.
Invoked RoslynAnalysisRunner static constructor.
RoslynAnalysisRunner will not be running.
RoslynAnalysisRunner has terminated.
Mono: successfully reloaded assembly
- Completed reload, in  0.803 seconds
Platform modules already initialized, skipping
Refreshing native plugins compatible for Editor in 0.34 ms, found 1 plugins.
Preloading 0 native plugins for Editor in 0.00 ms.
Unloading 1792 Unused Serialized files (Serialized files now loaded: 0)
System memory in use before: 90.0 MB.
System memory in use after: 90.0 MB.

Unloading 12 unused Assets to reduce memory usage. Loaded Objects now: 2287.
Total: 2.018200 ms (FindLiveObjects: 0.205100 ms CreateObjectMapping: 0.052400 ms MarkObjects: 1.669600 ms  DeleteObjects: 0.090400 ms)

========================================================================
Received Import Request.
  Time since last request: 7.669802 seconds.
  path: Assets/Animation/pac_concorde_anim.anim
  artifactKey: Guid(4d65396591ce30f4580d0a1c777cbd20) Importer(815301076,1909f56bfc062723c751e8b465ee728b)
Start importing Assets/Animation/pac_concorde_anim.anim using Guid(4d65396591ce30f4580d0a1c777cbd20) Importer(815301076,1909f56bfc062723c751e8b465ee728b)  -> (artifact id: '75b0b23f84f66786bb4290917e98f020') in 0.012521 seconds
  Import took 0.015779 seconds .

========================================================================
Received Import Request.
  Time since last request: 0.024327 seconds.
  path: Assets/Animation/pac_concorde_anim.anim
  artifactKey: Guid(4d65396591ce30f4580d0a1c777cbd20) Importer(815301076,1909f56bfc062723c751e8b465ee728b)
Start importing Assets/Animation/pac_concorde_anim.anim using Guid(4d65396591ce30f4580d0a1c777cbd20) Importer(815301076,1909f56bfc062723c751e8b465ee728b)  -> (artifact id: '75b0b23f84f66786bb4290917e98f020') in 0.001875 seconds
  Import took 0.004603 seconds .

========================================================================
Received Prepare
Registering precompiled user dll's ...
Registered in 0.000884 seconds.
Begin MonoManager ReloadAssembly
Native extension for WindowsStandalone target not found
Refreshing native plugins compatible for Editor in 0.34 ms, found 1 plugins.
Preloading 0 native plugins for Editor in 0.00 ms.
Invoked RoslynAnalysisRunner static constructor.
RoslynAnalysisRunner will not be running.
RoslynAnalysisRunner has terminated.
Mono: successfully reloaded assembly
- Completed reload, in  0.812 seconds
Platform modules already initialized, skipping
Refreshing native plugins compatible for Editor in 0.32 ms, found 1 plugins.
Preloading 0 native plugins for Editor in 0.00 ms.
Unloading 1792 Unused Serialized files (Serialized files now loaded: 0)
System memory in use before: 90.0 MB.
System memory in use after: 90.0 MB.

Unloading 12 unused Assets to reduce memory usage. Loaded Objects now: 2290.
Total: 2.086300 ms (FindLiveObjects: 0.158400 ms CreateObjectMapping: 0.056100 ms MarkObjects: 1.778100 ms  DeleteObjects: 0.092800 ms)

========================================================================
Received Import Request.
  Time since last request: 247.362004 seconds.
  path: Assets/Animation/pac_concorde_anim.anim
  artifactKey: Guid(4d65396591ce30f4580d0a1c777cbd20) Importer(815301076,1909f56bfc062723c751e8b465ee728b)
Start importing Assets/Animation/pac_concorde_anim.anim using Guid(4d65396591ce30f4580d0a1c777cbd20) Importer(815301076,1909f56bfc062723c751e8b465ee728b)  -> (artifact id: '7ea6f837b6c01eb903948df276f980f8') in 0.012882 seconds
  Import took 0.016322 seconds .

========================================================================
Received Prepare
Registering precompiled user dll's ...
Registered in 0.000944 seconds.
Begin MonoManager ReloadAssembly
Native extension for WindowsStandalone target not found
Refreshing native plugins compatible for Editor in 0.33 ms, found 1 plugins.
Preloading 0 native plugins for Editor in 0.00 ms.
Invoked RoslynAnalysisRunner static constructor.
RoslynAnalysisRunner will not be running.
RoslynAnalysisRunner has terminated.
Mono: successfully reloaded assembly
- Completed reload, in  0.813 seconds
Platform modules already initialized, skipping
Refreshing native plugins compatible for Editor in 0.36 ms, found 1 plugins.
Preloading 0 native plugins for Editor in 0.00 ms.
Unloading 1792 Unused Serialized files (Serialized files now loaded: 0)
System memory in use before: 90.0 MB.
System memory in use after: 90.0 MB.

Unloading 12 unused Assets to reduce memory usage. Loaded Objects now: 2293.
Total: 1.806700 ms (FindLiveObjects: 0.150600 ms CreateObjectMapping: 0.051400 ms MarkObjects: 1.510600 ms  DeleteObjects: 0.093200 ms)

AssetImportWorkerClient::OnTransportError - code=2 error=End of file
