Using pre-set license
Built from '2020.2/release' branch; Version is '2020.2.4f1 (becced5a802b) revision 12504301'; Using compiler version '192528614'; Build Type 'Release'
OS: 'Windows 10 Education; OS build 19043.1288; Version 2009; 64bit' Language: 'zh' Physical Memory: 24196 MB
BatchMode: 1, IsHumanControllingUs: 0, StartBugReporterOnCrash: 0, Is64bit: 1, IsPro: 0

 COMMAND LINE ARGUMENTS:
C:\Program Files\Unity\Hub\Editor\2020.2.4f1\Editor\Unity.exe
-adb2
-batchMode
-noUpm
-name
AssetImportWorker2
-projectPath
C:/Users/Richard/Desktop/ICGD/ASS 3/assignment 3 2D
-logFile
Logs/AssetImportWorker2.log
-srvPort
62611
Successfully changed project path to: C:/Users/Richard/Desktop/ICGD/ASS 3/assignment 3 2D
C:/Users/Richard/Desktop/ICGD/ASS 3/assignment 3 2D
Using Asset Import Pipeline V2.
Refreshing native plugins compatible for Editor in 34.06 ms, found 1 plugins.
Preloading 0 native plugins for Editor in 0.00 ms.
Initialize engine version: 2020.2.4f1 (becced5a802b)
[Subsystems] Discovering subsystems at path C:/Program Files/Unity/Hub/Editor/2020.2.4f1/Editor/Data/Resources/UnitySubsystems
[Subsystems] Discovering subsystems at path C:/Users/Richard/Desktop/ICGD/ASS 3/assignment 3 2D/Assets
GfxDevice: creating device client; threaded=0
Direct3D:
    Version:  Direct3D 11.0 [level 11.1]
    Renderer: NVIDIA GeForce GTX 1050 Ti with Max-Q Design (ID=0x1c8c)
    Vendor:   
    VRAM:     4018 MB
    Driver:   30.0.14.7212
Initialize mono
Mono path[0] = 'C:/Program Files/Unity/Hub/Editor/2020.2.4f1/Editor/Data/Managed'
Mono path[1] = 'C:/Program Files/Unity/Hub/Editor/2020.2.4f1/Editor/Data/MonoBleedingEdge/lib/mono/unityjit'
Mono config path = 'C:/Program Files/Unity/Hub/Editor/2020.2.4f1/Editor/Data/MonoBleedingEdge/etc'
Using monoOptions --debugger-agent=transport=dt_socket,embedding=1,server=y,suspend=n,address=127.0.0.1:56584
Begin MonoManager ReloadAssembly
Registering precompiled unity dll's ...
Register platform support module: C:/Program Files/Unity/Hub/Editor/2020.2.4f1/Editor/Data/PlaybackEngines/WindowsStandaloneSupport/UnityEditor.WindowsStandalone.Extensions.dll
Registered in 0.002009 seconds.
Native extension for WindowsStandalone target not found
Refreshing native plugins compatible for Editor in 33.86 ms, found 1 plugins.
Preloading 0 native plugins for Editor in 0.00 ms.
Invoked RoslynAnalysisRunner static constructor.
RoslynAnalysisRunner will not be running.
RoslynAnalysisRunner has terminated.
Mono: successfully reloaded assembly
- Completed reload, in  3.136 seconds
Platform modules already initialized, skipping
Registering precompiled user dll's ...
Registered in 0.000955 seconds.
Begin MonoManager ReloadAssembly
Native extension for WindowsStandalone target not found
Refreshing native plugins compatible for Editor in 34.43 ms, found 1 plugins.
Preloading 0 native plugins for Editor in 0.00 ms.
Invoked RoslynAnalysisRunner static constructor.
RoslynAnalysisRunner will not be running.
RoslynAnalysisRunner has terminated.
Mono: successfully reloaded assembly
- Completed reload, in  0.945 seconds
Platform modules already initialized, skipping
========================================================================
Worker process is ready to serve import requests
Launched and connected shader compiler UnityShaderCompiler.exe after 0.08 seconds
Refreshing native plugins compatible for Editor in 0.32 ms, found 1 plugins.
Preloading 0 native plugins for Editor in 0.00 ms.
Unloading 1806 Unused Serialized files (Serialized files now loaded: 0)
System memory in use before: 87.6 MB.
System memory in use after: 87.7 MB.

Unloading 19 unused Assets to reduce memory usage. Loaded Objects now: 2258.
Total: 2.154100 ms (FindLiveObjects: 0.241700 ms CreateObjectMapping: 0.120800 ms MarkObjects: 1.717500 ms  DeleteObjects: 0.072900 ms)

========================================================================
Received Import Request.
  path: Assets/Resources/coinPrefab.prefab
  artifactKey: Guid(ff6be2719c9b3da4c9a98506debc6230) Importer(815301076,1909f56bfc062723c751e8b465ee728b)
Start importing Assets/Resources/coinPrefab.prefab using Guid(ff6be2719c9b3da4c9a98506debc6230) Importer(815301076,1909f56bfc062723c751e8b465ee728b)  -> (artifact id: '1e73405e69a6b55b69708f2b1cfa435c') in 0.087052 seconds
  Import took 0.090123 seconds .

========================================================================
Received Import Request.
  Time since last request: 49.551732 seconds.
  path: Assets/Scripts/NormalPalletController.cs
  artifactKey: Guid(021e5592b7473594e8d5a47cf803a8f4) Importer(815301076,1909f56bfc062723c751e8b465ee728b)
Start importing Assets/Scripts/NormalPalletController.cs using Guid(021e5592b7473594e8d5a47cf803a8f4) Importer(815301076,1909f56bfc062723c751e8b465ee728b)  -> (artifact id: '5394097c2135e40b8978d8194c46eca2') in 0.005087 seconds
  Import took 0.008566 seconds .

========================================================================
Received Prepare
Registering precompiled user dll's ...
Registered in 0.000979 seconds.
Begin MonoManager ReloadAssembly
Native extension for WindowsStandalone target not found
Refreshing native plugins compatible for Editor in 0.35 ms, found 1 plugins.
Preloading 0 native plugins for Editor in 0.00 ms.
Invoked RoslynAnalysisRunner static constructor.
RoslynAnalysisRunner will not be running.
RoslynAnalysisRunner has terminated.
Mono: successfully reloaded assembly
- Completed reload, in  0.942 seconds
Platform modules already initialized, skipping
Refreshing native plugins compatible for Editor in 0.34 ms, found 1 plugins.
Preloading 0 native plugins for Editor in 0.00 ms.
Unloading 1797 Unused Serialized files (Serialized files now loaded: 0)
System memory in use before: 90.3 MB.
System memory in use after: 90.4 MB.

Unloading 7 unused Assets to reduce memory usage. Loaded Objects now: 2269.
Total: 2.069400 ms (FindLiveObjects: 0.174900 ms CreateObjectMapping: 0.060200 ms MarkObjects: 1.819000 ms  DeleteObjects: 0.014200 ms)

========================================================================
Received Prepare
Registering precompiled user dll's ...
Registered in 0.001023 seconds.
Begin MonoManager ReloadAssembly
Native extension for WindowsStandalone target not found
Refreshing native plugins compatible for Editor in 0.41 ms, found 1 plugins.
Preloading 0 native plugins for Editor in 0.00 ms.
Invoked RoslynAnalysisRunner static constructor.
RoslynAnalysisRunner will not be running.
RoslynAnalysisRunner has terminated.
Mono: successfully reloaded assembly
- Completed reload, in  1.162 seconds
Platform modules already initialized, skipping
Refreshing native plugins compatible for Editor in 0.57 ms, found 1 plugins.
Preloading 0 native plugins for Editor in 0.00 ms.
Unloading 1798 Unused Serialized files (Serialized files now loaded: 0)
System memory in use before: 90.3 MB.
System memory in use after: 90.5 MB.

Unloading 7 unused Assets to reduce memory usage. Loaded Objects now: 2273.
Total: 2.273500 ms (FindLiveObjects: 0.214300 ms CreateObjectMapping: 0.079600 ms MarkObjects: 1.958100 ms  DeleteObjects: 0.020100 ms)

========================================================================
Received Import Request.
  Time since last request: 40.785864 seconds.
  path: Assets/Resources/coinPrefab.prefab
  artifactKey: Guid(ff6be2719c9b3da4c9a98506debc6230) Importer(815301076,1909f56bfc062723c751e8b465ee728b)
Start importing Assets/Resources/coinPrefab.prefab using Guid(ff6be2719c9b3da4c9a98506debc6230) Importer(815301076,1909f56bfc062723c751e8b465ee728b)  -> (artifact id: 'b62ab75a48b762829c6d7c21a8321bff') in 0.060310 seconds
  Import took 0.064436 seconds .

========================================================================
Received Import Request.
  Time since last request: 28.079739 seconds.
  path: Assets/TheScript.cs
  artifactKey: Guid(3ee93e47b68390744a71d0660d712431) Importer(815301076,1909f56bfc062723c751e8b465ee728b)
Start importing Assets/TheScript.cs using Guid(3ee93e47b68390744a71d0660d712431) Importer(815301076,1909f56bfc062723c751e8b465ee728b)  -> (artifact id: 'f7fbad6642ab01bd6769c3083bbcc679') in 0.002811 seconds
  Import took 0.005817 seconds .

========================================================================
Received Import Request.
  Time since last request: 0.004295 seconds.
  path: Assets/TheScript.cs
  artifactKey: Guid(3ee93e47b68390744a71d0660d712431) Importer(815301076,1909f56bfc062723c751e8b465ee728b)
Start importing Assets/TheScript.cs using Guid(3ee93e47b68390744a71d0660d712431) Importer(815301076,1909f56bfc062723c751e8b465ee728b)  -> (artifact id: 'f7fbad6642ab01bd6769c3083bbcc679') in 0.002295 seconds
  Import took 0.005380 seconds .

========================================================================
Received Prepare
Registering precompiled user dll's ...
Registered in 0.001044 seconds.
Begin MonoManager ReloadAssembly
Native extension for WindowsStandalone target not found
Refreshing native plugins compatible for Editor in 0.33 ms, found 1 plugins.
Preloading 0 native plugins for Editor in 0.00 ms.
Invoked RoslynAnalysisRunner static constructor.
RoslynAnalysisRunner will not be running.
RoslynAnalysisRunner has terminated.
Mono: successfully reloaded assembly
- Completed reload, in  0.964 seconds
Platform modules already initialized, skipping
Refreshing native plugins compatible for Editor in 0.37 ms, found 1 plugins.
Preloading 0 native plugins for Editor in 0.00 ms.
Unloading 1797 Unused Serialized files (Serialized files now loaded: 0)
System memory in use before: 90.4 MB.
System memory in use after: 90.5 MB.

Unloading 8 unused Assets to reduce memory usage. Loaded Objects now: 2276.
Total: 1.914600 ms (FindLiveObjects: 0.161600 ms CreateObjectMapping: 0.057400 ms MarkObjects: 1.678700 ms  DeleteObjects: 0.015900 ms)

========================================================================
Received Import Request.
  Time since last request: 27.619905 seconds.
  path: Assets/Scripts/CherryController.cs
  artifactKey: Guid(d4493becb0866814fb065f18d5e1a9a0) Importer(815301076,1909f56bfc062723c751e8b465ee728b)
Start importing Assets/Scripts/CherryController.cs using Guid(d4493becb0866814fb065f18d5e1a9a0) Importer(815301076,1909f56bfc062723c751e8b465ee728b)  -> (artifact id: '45e87108844b888f457d5aaca2fb8a9f') in 0.004836 seconds
  Import took 0.008415 seconds .

========================================================================
Received Import Request.
  Time since last request: 0.002905 seconds.
  path: Assets/Scripts/CherryController.cs
  artifactKey: Guid(d4493becb0866814fb065f18d5e1a9a0) Importer(815301076,1909f56bfc062723c751e8b465ee728b)
Start importing Assets/Scripts/CherryController.cs using Guid(d4493becb0866814fb065f18d5e1a9a0) Importer(815301076,1909f56bfc062723c751e8b465ee728b)  -> (artifact id: '45e87108844b888f457d5aaca2fb8a9f') in 0.003356 seconds
  Import took 0.007722 seconds .

========================================================================
Received Import Request.
  Time since last request: 2.439641 seconds.
  path: Assets/Scripts/CollisionManagement.cs
  artifactKey: Guid(d8b9edf662cacae41b8b2cdd3e7fdaf8) Importer(815301076,1909f56bfc062723c751e8b465ee728b)
Start importing Assets/Scripts/CollisionManagement.cs using Guid(d8b9edf662cacae41b8b2cdd3e7fdaf8) Importer(815301076,1909f56bfc062723c751e8b465ee728b)  -> (artifact id: '2fa7d833e99f082fa9a1ee794f940627') in 0.001955 seconds
  Import took 0.004907 seconds .

========================================================================
Received Import Request.
  Time since last request: 0.001023 seconds.
  path: Assets/Scripts/CollisionManagement.cs
  artifactKey: Guid(d8b9edf662cacae41b8b2cdd3e7fdaf8) Importer(815301076,1909f56bfc062723c751e8b465ee728b)
Start importing Assets/Scripts/CollisionManagement.cs using Guid(d8b9edf662cacae41b8b2cdd3e7fdaf8) Importer(815301076,1909f56bfc062723c751e8b465ee728b)  -> (artifact id: '2fa7d833e99f082fa9a1ee794f940627') in 0.001913 seconds
  Import took 0.004614 seconds .

========================================================================
Received Import Request.
  Time since last request: 1.796946 seconds.
  path: Assets/Scripts/LoadScene.cs
  artifactKey: Guid(46c7168aad7778c499087b94b1a439a3) Importer(815301076,1909f56bfc062723c751e8b465ee728b)
Start importing Assets/Scripts/LoadScene.cs using Guid(46c7168aad7778c499087b94b1a439a3) Importer(815301076,1909f56bfc062723c751e8b465ee728b)  -> (artifact id: '9774cd2121d8effd2b3a65e209590219') in 0.002567 seconds
  Import took 0.005247 seconds .

========================================================================
Received Prepare
Registering precompiled user dll's ...
Registered in 0.000988 seconds.
Begin MonoManager ReloadAssembly
Native extension for WindowsStandalone target not found
Refreshing native plugins compatible for Editor in 0.33 ms, found 1 plugins.
Preloading 0 native plugins for Editor in 0.00 ms.
Invoked RoslynAnalysisRunner static constructor.
RoslynAnalysisRunner will not be running.
RoslynAnalysisRunner has terminated.
Mono: successfully reloaded assembly
- Completed reload, in  0.876 seconds
Platform modules already initialized, skipping
Refreshing native plugins compatible for Editor in 0.34 ms, found 1 plugins.
Preloading 0 native plugins for Editor in 0.00 ms.
Unloading 1797 Unused Serialized files (Serialized files now loaded: 0)
System memory in use before: 90.4 MB.
System memory in use after: 90.5 MB.

Unloading 7 unused Assets to reduce memory usage. Loaded Objects now: 2279.
Total: 2.096300 ms (FindLiveObjects: 0.246300 ms CreateObjectMapping: 0.096500 ms MarkObjects: 1.736600 ms  DeleteObjects: 0.015000 ms)

========================================================================
Received Import Request.
  Time since last request: 41.638598 seconds.
  path: Assets/Scripts/NormalPalletController.cs
  artifactKey: Guid(021e5592b7473594e8d5a47cf803a8f4) Importer(815301076,1909f56bfc062723c751e8b465ee728b)
Start importing Assets/Scripts/NormalPalletController.cs using Guid(021e5592b7473594e8d5a47cf803a8f4) Importer(815301076,1909f56bfc062723c751e8b465ee728b)  -> (artifact id: '6acbd5878328923a390fb25349a4659c') in 0.003929 seconds
  Import took 0.007094 seconds .

========================================================================
Received Prepare
Registering precompiled user dll's ...
Registered in 0.000978 seconds.
Begin MonoManager ReloadAssembly
Native extension for WindowsStandalone target not found
Refreshing native plugins compatible for Editor in 0.35 ms, found 1 plugins.
Preloading 0 native plugins for Editor in 0.00 ms.
Invoked RoslynAnalysisRunner static constructor.
RoslynAnalysisRunner will not be running.
RoslynAnalysisRunner has terminated.
Mono: successfully reloaded assembly
- Completed reload, in  0.901 seconds
Platform modules already initialized, skipping
Refreshing native plugins compatible for Editor in 0.34 ms, found 1 plugins.
Preloading 0 native plugins for Editor in 0.00 ms.
Unloading 1797 Unused Serialized files (Serialized files now loaded: 0)
System memory in use before: 90.4 MB.
System memory in use after: 90.5 MB.

Unloading 7 unused Assets to reduce memory usage. Loaded Objects now: 2282.
Total: 2.108100 ms (FindLiveObjects: 0.248000 ms CreateObjectMapping: 0.116800 ms MarkObjects: 1.724200 ms  DeleteObjects: 0.017500 ms)

========================================================================
Received Prepare
Registering precompiled user dll's ...
Registered in 0.001029 seconds.
Begin MonoManager ReloadAssembly
Native extension for WindowsStandalone target not found
Refreshing native plugins compatible for Editor in 0.35 ms, found 1 plugins.
Preloading 0 native plugins for Editor in 0.00 ms.
Invoked RoslynAnalysisRunner static constructor.
RoslynAnalysisRunner will not be running.
RoslynAnalysisRunner has terminated.
Mono: successfully reloaded assembly
- Completed reload, in  0.897 seconds
Platform modules already initialized, skipping
Refreshing native plugins compatible for Editor in 0.36 ms, found 1 plugins.
Preloading 0 native plugins for Editor in 0.00 ms.
Unloading 1797 Unused Serialized files (Serialized files now loaded: 0)
System memory in use before: 90.4 MB.
System memory in use after: 90.5 MB.

Unloading 7 unused Assets to reduce memory usage. Loaded Objects now: 2285.
Total: 2.298100 ms (FindLiveObjects: 0.223600 ms CreateObjectMapping: 0.082400 ms MarkObjects: 1.974400 ms  DeleteObjects: 0.015200 ms)

========================================================================
Received Prepare
Registering precompiled user dll's ...
Registered in 0.001091 seconds.
Begin MonoManager ReloadAssembly
Native extension for WindowsStandalone target not found
Refreshing native plugins compatible for Editor in 0.44 ms, found 1 plugins.
Preloading 0 native plugins for Editor in 0.00 ms.
Invoked RoslynAnalysisRunner static constructor.
RoslynAnalysisRunner will not be running.
RoslynAnalysisRunner has terminated.
Mono: successfully reloaded assembly
- Completed reload, in  0.957 seconds
Platform modules already initialized, skipping
Refreshing native plugins compatible for Editor in 0.37 ms, found 1 plugins.
Preloading 0 native plugins for Editor in 0.00 ms.
Unloading 1797 Unused Serialized files (Serialized files now loaded: 0)
System memory in use before: 90.4 MB.
System memory in use after: 90.5 MB.

Unloading 7 unused Assets to reduce memory usage. Loaded Objects now: 2288.
Total: 2.150000 ms (FindLiveObjects: 0.163000 ms CreateObjectMapping: 0.053100 ms MarkObjects: 1.917200 ms  DeleteObjects: 0.016000 ms)

========================================================================
Received Import Request.
  Time since last request: 357.156897 seconds.
  path: ProjectSettings/TagManager.asset
  artifactKey: Guid(00000000000000003000000000000000) Importer(815301076,1909f56bfc062723c751e8b465ee728b)
Start importing ProjectSettings/TagManager.asset using Guid(00000000000000003000000000000000) Importer(815301076,1909f56bfc062723c751e8b465ee728b)  -> (artifact id: '6d80a978b9938ec279bcd33a2c400ff4') in 0.015386 seconds
  Import took 0.018471 seconds .

========================================================================
Received Prepare
Registering precompiled user dll's ...
Registered in 0.001535 seconds.
Begin MonoManager ReloadAssembly
Native extension for WindowsStandalone target not found
Refreshing native plugins compatible for Editor in 0.49 ms, found 1 plugins.
Preloading 0 native plugins for Editor in 0.00 ms.
Invoked RoslynAnalysisRunner static constructor.
RoslynAnalysisRunner will not be running.
RoslynAnalysisRunner has terminated.
Mono: successfully reloaded assembly
- Completed reload, in  0.893 seconds
Platform modules already initialized, skipping
Refreshing native plugins compatible for Editor in 0.33 ms, found 1 plugins.
Preloading 0 native plugins for Editor in 0.00 ms.
Unloading 1797 Unused Serialized files (Serialized files now loaded: 0)
System memory in use before: 90.4 MB.
System memory in use after: 90.5 MB.

Unloading 8 unused Assets to reduce memory usage. Loaded Objects now: 2291.
Total: 1.959500 ms (FindLiveObjects: 0.163500 ms CreateObjectMapping: 0.061000 ms MarkObjects: 1.717100 ms  DeleteObjects: 0.016800 ms)

========================================================================
Received Prepare
Registering precompiled user dll's ...
Registered in 0.000974 seconds.
Begin MonoManager ReloadAssembly
Native extension for WindowsStandalone target not found
Refreshing native plugins compatible for Editor in 0.39 ms, found 1 plugins.
Preloading 0 native plugins for Editor in 0.00 ms.
Invoked RoslynAnalysisRunner static constructor.
RoslynAnalysisRunner will not be running.
RoslynAnalysisRunner has terminated.
Mono: successfully reloaded assembly
- Completed reload, in  0.887 seconds
Platform modules already initialized, skipping
Refreshing native plugins compatible for Editor in 0.33 ms, found 1 plugins.
Preloading 0 native plugins for Editor in 0.00 ms.
Unloading 1797 Unused Serialized files (Serialized files now loaded: 0)
System memory in use before: 90.4 MB.
System memory in use after: 90.5 MB.

Unloading 7 unused Assets to reduce memory usage. Loaded Objects now: 2294.
Total: 2.415300 ms (FindLiveObjects: 0.350300 ms CreateObjectMapping: 0.135700 ms MarkObjects: 1.910000 ms  DeleteObjects: 0.017600 ms)

========================================================================
Received Prepare
Registering precompiled user dll's ...
Registered in 0.001370 seconds.
Begin MonoManager ReloadAssembly
Native extension for WindowsStandalone target not found
Refreshing native plugins compatible for Editor in 0.35 ms, found 1 plugins.
Preloading 0 native plugins for Editor in 0.00 ms.
Invoked RoslynAnalysisRunner static constructor.
RoslynAnalysisRunner will not be running.
RoslynAnalysisRunner has terminated.
Mono: successfully reloaded assembly
- Completed reload, in  0.867 seconds
Platform modules already initialized, skipping
Refreshing native plugins compatible for Editor in 0.36 ms, found 1 plugins.
Preloading 0 native plugins for Editor in 0.00 ms.
Unloading 1797 Unused Serialized files (Serialized files now loaded: 0)
System memory in use before: 90.4 MB.
System memory in use after: 90.5 MB.

Unloading 7 unused Assets to reduce memory usage. Loaded Objects now: 2297.
Total: 2.181000 ms (FindLiveObjects: 0.183700 ms CreateObjectMapping: 0.067000 ms MarkObjects: 1.911700 ms  DeleteObjects: 0.017700 ms)

========================================================================
Received Prepare
Registering precompiled user dll's ...
Registered in 0.000979 seconds.
Begin MonoManager ReloadAssembly
Native extension for WindowsStandalone target not found
Refreshing native plugins compatible for Editor in 0.33 ms, found 1 plugins.
Preloading 0 native plugins for Editor in 0.00 ms.
Invoked RoslynAnalysisRunner static constructor.
RoslynAnalysisRunner will not be running.
RoslynAnalysisRunner has terminated.
Mono: successfully reloaded assembly
- Completed reload, in  0.891 seconds
Platform modules already initialized, skipping
Refreshing native plugins compatible for Editor in 0.34 ms, found 1 plugins.
Preloading 0 native plugins for Editor in 0.00 ms.
Unloading 1797 Unused Serialized files (Serialized files now loaded: 0)
System memory in use before: 90.4 MB.
System memory in use after: 90.5 MB.

Unloading 7 unused Assets to reduce memory usage. Loaded Objects now: 2300.
Total: 2.201800 ms (FindLiveObjects: 0.199800 ms CreateObjectMapping: 0.074700 ms MarkObjects: 1.911800 ms  DeleteObjects: 0.014700 ms)

========================================================================
Received Import Request.
  Time since last request: 457.293776 seconds.
  path: Assets/Scripts/CherryController.cs
  artifactKey: Guid(d4493becb0866814fb065f18d5e1a9a0) Importer(815301076,1909f56bfc062723c751e8b465ee728b)
Start importing Assets/Scripts/CherryController.cs using Guid(d4493becb0866814fb065f18d5e1a9a0) Importer(815301076,1909f56bfc062723c751e8b465ee728b)  -> (artifact id: '3438030e8e92581367d0102641c5b499') in 0.004252 seconds
  Import took 0.007462 seconds .

========================================================================
Received Import Request.
  Time since last request: 2.131568 seconds.
  path: Assets/Resources/coinPrefab.prefab
  artifactKey: Guid(ff6be2719c9b3da4c9a98506debc6230) Importer(815301076,1909f56bfc062723c751e8b465ee728b)
Start importing Assets/Resources/coinPrefab.prefab using Guid(ff6be2719c9b3da4c9a98506debc6230) Importer(815301076,1909f56bfc062723c751e8b465ee728b)  -> (artifact id: '2fa0ab17baaf170054ab8e6b8bbed4dc') in 0.048171 seconds
  Import took 0.051379 seconds .

========================================================================
Received Prepare
Registering precompiled user dll's ...
Registered in 0.001422 seconds.
Begin MonoManager ReloadAssembly
Native extension for WindowsStandalone target not found
Refreshing native plugins compatible for Editor in 0.36 ms, found 1 plugins.
Preloading 0 native plugins for Editor in 0.00 ms.
Invoked RoslynAnalysisRunner static constructor.
RoslynAnalysisRunner will not be running.
RoslynAnalysisRunner has terminated.
Mono: successfully reloaded assembly
- Completed reload, in  0.844 seconds
Platform modules already initialized, skipping
Refreshing native plugins compatible for Editor in 0.33 ms, found 1 plugins.
Preloading 0 native plugins for Editor in 0.00 ms.
Unloading 1797 Unused Serialized files (Serialized files now loaded: 0)
System memory in use before: 90.4 MB.
System memory in use after: 90.6 MB.

Unloading 7 unused Assets to reduce memory usage. Loaded Objects now: 2304.
Total: 1.981100 ms (FindLiveObjects: 0.190800 ms CreateObjectMapping: 0.069500 ms MarkObjects: 1.705700 ms  DeleteObjects: 0.014200 ms)

========================================================================
Received Import Request.
  Time since last request: 184.847777 seconds.
  path: Assets/Resources/AmericanOil.prefab
  artifactKey: Guid(3df8e9cec0839c24c91227ae6aaa4123) Importer(815301076,1909f56bfc062723c751e8b465ee728b)
Start importing Assets/Resources/AmericanOil.prefab using Guid(3df8e9cec0839c24c91227ae6aaa4123) Importer(815301076,1909f56bfc062723c751e8b465ee728b)  -> (artifact id: 'b1f91e51ab8899954564d805949da208') in 0.060307 seconds
  Import took 0.064153 seconds .

========================================================================
Received Prepare
Registering precompiled user dll's ...
Registered in 0.000974 seconds.
Begin MonoManager ReloadAssembly
Native extension for WindowsStandalone target not found
Refreshing native plugins compatible for Editor in 0.34 ms, found 1 plugins.
Preloading 0 native plugins for Editor in 0.00 ms.
Invoked RoslynAnalysisRunner static constructor.
RoslynAnalysisRunner will not be running.
RoslynAnalysisRunner has terminated.
Mono: successfully reloaded assembly
- Completed reload, in  0.891 seconds
Platform modules already initialized, skipping
Refreshing native plugins compatible for Editor in 0.36 ms, found 1 plugins.
Preloading 0 native plugins for Editor in 0.00 ms.
Unloading 1797 Unused Serialized files (Serialized files now loaded: 0)
System memory in use before: 90.5 MB.
System memory in use after: 90.6 MB.

Unloading 7 unused Assets to reduce memory usage. Loaded Objects now: 2308.
Total: 2.023900 ms (FindLiveObjects: 0.160000 ms CreateObjectMapping: 0.055900 ms MarkObjects: 1.791200 ms  DeleteObjects: 0.015200 ms)

========================================================================
Received Prepare
Registering precompiled user dll's ...
Registered in 0.001029 seconds.
Begin MonoManager ReloadAssembly
Native extension for WindowsStandalone target not found
Refreshing native plugins compatible for Editor in 0.34 ms, found 1 plugins.
Preloading 0 native plugins for Editor in 0.00 ms.
Invoked RoslynAnalysisRunner static constructor.
RoslynAnalysisRunner will not be running.
RoslynAnalysisRunner has terminated.
Mono: successfully reloaded assembly
- Completed reload, in  0.900 seconds
Platform modules already initialized, skipping
Refreshing native plugins compatible for Editor in 0.37 ms, found 1 plugins.
Preloading 0 native plugins for Editor in 0.00 ms.
Unloading 1797 Unused Serialized files (Serialized files now loaded: 0)
System memory in use before: 90.5 MB.
System memory in use after: 90.6 MB.

Unloading 7 unused Assets to reduce memory usage. Loaded Objects now: 2311.
Total: 1.912500 ms (FindLiveObjects: 0.248100 ms CreateObjectMapping: 0.083100 ms MarkObjects: 1.566000 ms  DeleteObjects: 0.014100 ms)

========================================================================
Received Import Request.
  Time since last request: 217.329131 seconds.
  path: Assets/Scripts/CherryReactor.cs
  artifactKey: Guid(5803a404ff21db74a830371a1d3e12e6) Importer(815301076,1909f56bfc062723c751e8b465ee728b)
Start importing Assets/Scripts/CherryReactor.cs using Guid(5803a404ff21db74a830371a1d3e12e6) Importer(815301076,1909f56bfc062723c751e8b465ee728b)  -> (artifact id: '62ed4dfbc8c2aa3794330235870258e0') in 0.004678 seconds
  Import took 0.008879 seconds .

========================================================================
Received Prepare
Registering precompiled user dll's ...
Registered in 0.001473 seconds.
Begin MonoManager ReloadAssembly
Native extension for WindowsStandalone target not found
Refreshing native plugins compatible for Editor in 0.34 ms, found 1 plugins.
Preloading 0 native plugins for Editor in 0.00 ms.
Invoked RoslynAnalysisRunner static constructor.
RoslynAnalysisRunner will not be running.
RoslynAnalysisRunner has terminated.
Mono: successfully reloaded assembly
- Completed reload, in  0.942 seconds
Platform modules already initialized, skipping
Refreshing native plugins compatible for Editor in 0.37 ms, found 1 plugins.
Preloading 0 native plugins for Editor in 0.00 ms.
Unloading 1798 Unused Serialized files (Serialized files now loaded: 0)
System memory in use before: 90.5 MB.
System memory in use after: 90.6 MB.

Unloading 7 unused Assets to reduce memory usage. Loaded Objects now: 2315.
Total: 2.032200 ms (FindLiveObjects: 0.182800 ms CreateObjectMapping: 0.061600 ms MarkObjects: 1.773300 ms  DeleteObjects: 0.013300 ms)

========================================================================
Received Prepare
Registering precompiled user dll's ...
Registered in 0.000977 seconds.
Begin MonoManager ReloadAssembly
Native extension for WindowsStandalone target not found
Refreshing native plugins compatible for Editor in 0.34 ms, found 1 plugins.
Preloading 0 native plugins for Editor in 0.00 ms.
Invoked RoslynAnalysisRunner static constructor.
RoslynAnalysisRunner will not be running.
RoslynAnalysisRunner has terminated.
Mono: successfully reloaded assembly
- Completed reload, in  0.878 seconds
Platform modules already initialized, skipping
Refreshing native plugins compatible for Editor in 0.34 ms, found 1 plugins.
Preloading 0 native plugins for Editor in 0.00 ms.
Unloading 1798 Unused Serialized files (Serialized files now loaded: 0)
System memory in use before: 90.5 MB.
System memory in use after: 90.6 MB.

Unloading 7 unused Assets to reduce memory usage. Loaded Objects now: 2318.
Total: 2.417500 ms (FindLiveObjects: 0.330300 ms CreateObjectMapping: 0.113500 ms MarkObjects: 1.956400 ms  DeleteObjects: 0.016100 ms)

